<?xml version="1.0" encoding="UTF-8"?>
<testng-results skipped="0" failed="0" total="1" passed="1">
  <reporter-output>
  </reporter-output>
  <suite name="Default suite" duration-ms="53157" started-at="2017-11-09T07:00:19Z" finished-at="2017-11-09T07:01:12Z">
    <groups>
    </groups>
    <test name="Default test" duration-ms="53157" started-at="2017-11-09T07:00:19Z" finished-at="2017-11-09T07:01:12Z">
      <class name="testCases.ValidateLoginPage">
        <test-method status="PASS" signature="test()[pri:0, instance:testCases.ValidateLoginPage@47d90b9e]" name="test" duration-ms="53126" started-at="2017-11-09T12:30:19Z" finished-at="2017-11-09T12:31:12Z">
          <reporter-output>
          </reporter-output>
        </test-method> <!-- test -->
      </class> <!-- testCases.ValidateLoginPage -->
    </test> <!-- Default test -->
  </suite> <!-- Default suite -->
</testng-results>
